2024-08-21 20:56:37,809 - passlib.handlers.bcrypt - WARNING - (trapped) error reading bcrypt version
Traceback (most recent call last):
  File "C:\Users\Œwider\Documents\fastapi\fastapienv\Lib\site-packages\passlib\handlers\bcrypt.py", line 620, in _load_backend_mixin
    version = _bcrypt.__about__.__version__
              ^^^^^^^^^^^^^^^^^
AttributeError: module 'bcrypt' has no attribute '__about__'
2024-08-21 20:56:38,078 - httpx - INFO - HTTP Request: GET http://testserver/admin/students "HTTP/1.1 200 OK"
2024-08-21 20:56:38,291 - httpx - INFO - HTTP Request: GET http://testserver/admin/teachers "HTTP/1.1 200 OK"
2024-08-21 20:57:17,571 - passlib.handlers.bcrypt - WARNING - (trapped) error reading bcrypt version
Traceback (most recent call last):
  File "C:\Users\Œwider\Documents\fastapi\fastapienv\Lib\site-packages\passlib\handlers\bcrypt.py", line 620, in _load_backend_mixin
    version = _bcrypt.__about__.__version__
              ^^^^^^^^^^^^^^^^^
AttributeError: module 'bcrypt' has no attribute '__about__'
2024-08-21 20:57:17,818 - httpx - INFO - HTTP Request: GET http://testserver/admin/students "HTTP/1.1 200 OK"
2024-08-21 20:57:18,027 - httpx - INFO - HTTP Request: GET http://testserver/admin/teachers "HTTP/1.1 200 OK"
2024-08-21 20:58:27,247 - passlib.handlers.bcrypt - WARNING - (trapped) error reading bcrypt version
Traceback (most recent call last):
  File "C:\Users\Œwider\Documents\fastapi\fastapienv\Lib\site-packages\passlib\handlers\bcrypt.py", line 620, in _load_backend_mixin
    version = _bcrypt.__about__.__version__
              ^^^^^^^^^^^^^^^^^
AttributeError: module 'bcrypt' has no attribute '__about__'
2024-08-21 20:58:27,491 - httpx - INFO - HTTP Request: GET http://testserver/admin/students "HTTP/1.1 200 OK"
2024-08-21 20:58:27,702 - httpx - INFO - HTTP Request: GET http://testserver/admin/teachers "HTTP/1.1 200 OK"
2024-08-21 21:04:14,245 - passlib.handlers.bcrypt - WARNING - (trapped) error reading bcrypt version
Traceback (most recent call last):
  File "C:\Users\Œwider\Documents\fastapi\fastapienv\Lib\site-packages\passlib\handlers\bcrypt.py", line 620, in _load_backend_mixin
    version = _bcrypt.__about__.__version__
              ^^^^^^^^^^^^^^^^^
AttributeError: module 'bcrypt' has no attribute '__about__'
2024-08-21 21:04:14,487 - httpx - INFO - HTTP Request: GET http://testserver/admin/students "HTTP/1.1 200 OK"
2024-08-21 21:04:14,696 - httpx - INFO - HTTP Request: GET http://testserver/admin/teachers "HTTP/1.1 200 OK"
2024-08-21 21:04:47,723 - passlib.handlers.bcrypt - WARNING - (trapped) error reading bcrypt version
Traceback (most recent call last):
  File "C:\Users\Œwider\Documents\fastapi\fastapienv\Lib\site-packages\passlib\handlers\bcrypt.py", line 620, in _load_backend_mixin
    version = _bcrypt.__about__.__version__
              ^^^^^^^^^^^^^^^^^
AttributeError: module 'bcrypt' has no attribute '__about__'
2024-08-21 21:04:47,968 - httpx - INFO - HTTP Request: GET http://testserver/admin/students "HTTP/1.1 200 OK"
2024-08-21 21:04:48,179 - httpx - INFO - HTTP Request: GET http://testserver/admin/teachers "HTTP/1.1 200 OK"
